\BOOKMARK [1][]{section.1}{1 Introduction}{}% 1
\BOOKMARK [1][]{section.2}{2 Load, Performance and Stress Testing}{}% 2
\BOOKMARK [2][]{subsection.2.1}{2.1 Stress Test Process}{section.2}% 3
\BOOKMARK [2][]{subsection.2.2}{2.2 Automated Stress Test Tools}{section.2}% 4
\BOOKMARK [2][]{subsection.2.3}{2.3 Stress Test Results}{section.2}% 5
\BOOKMARK [1][]{section.3}{3 WorkLoad Model}{}% 6
\BOOKMARK [1][]{section.4}{4 Common performance application problems and performance antipatterns}{}% 7
\BOOKMARK [1][]{section.5}{5 Mock Objects}{}% 8
\BOOKMARK [1][]{section.6}{6 Search Based Tests}{}% 9
\BOOKMARK [2][]{subsection.6.1}{6.1 Load, Stress and Performance Search Based Testing}{section.6}% 10
\BOOKMARK [1][]{section.7}{7 Metaheuristics}{}% 11
\BOOKMARK [2][]{subsection.7.1}{7.1 Hybrid Metaheuristc}{section.7}% 12
\BOOKMARK [1][]{section.8}{8 The IAdapter Testbed system}{}% 13
\BOOKMARK [2][]{subsection.8.1}{8.1 Test Module}{section.8}% 14
\BOOKMARK [2][]{subsection.8.2}{8.2 Emulator Module}{section.8}% 15
\BOOKMARK [2][]{subsection.8.3}{8.3 Test Scenario Representation Module}{section.8}% 16
\BOOKMARK [2][]{subsection.8.4}{8.4 Neighborhood provider service}{section.8}% 17
\BOOKMARK [1][]{section.9}{9 Experiments}{}% 18
\BOOKMARK [2][]{subsection.9.1}{9.1 The Ramp and Circuitous Treasure Hunt experiment}{section.9}% 19
\BOOKMARK [2][]{subsection.9.2}{9.2 The Tower Babel and Unbalanced Processing experiment}{section.9}% 20
\BOOKMARK [1][]{section.10}{10 Conclusion}{}% 21
